{"/home/wurde/Code/LambdaProjects/webtesting-iv-challenge/knexfile.js": {"path":"/home/wurde/Code/LambdaProjects/webtesting-iv-challenge/knexfile.js","statementMap":{"0":{"start":{"line":3,"column":0},"end":{"line":33,"column":2}}},"fnMap":{},"branchMap":{},"s":{"0":3},"f":{},"b":{},"_coverageSchema":"43e27e138ebf9cfc5966b082cf9a028302ed4184","hash":"d1de4f704403303d1961024c0dde264ea1097d8d"}
,"/home/wurde/Code/LambdaProjects/webtesting-iv-challenge/server/app.js": {"path":"/home/wurde/Code/LambdaProjects/webtesting-iv-challenge/server/app.js","statementMap":{"0":{"start":{"line":7,"column":16},"end":{"line":7,"column":34}},"1":{"start":{"line":8,"column":15},"end":{"line":8,"column":32}},"2":{"start":{"line":14,"column":13},"end":{"line":14,"column":37}},"3":{"start":{"line":20,"column":12},"end":{"line":20,"column":21}},"4":{"start":{"line":26,"column":0},"end":{"line":26,"column":27}},"5":{"start":{"line":32,"column":0},"end":{"line":32,"column":17}},"6":{"start":{"line":33,"column":0},"end":{"line":33,"column":23}},"7":{"start":{"line":39,"column":0},"end":{"line":39,"column":45}},"8":{"start":{"line":40,"column":0},"end":{"line":40,"column":51}},"9":{"start":{"line":46,"column":0},"end":{"line":50,"column":1}},"10":{"start":{"line":47,"column":2},"end":{"line":49,"column":4}},"11":{"start":{"line":48,"column":4},"end":{"line":48,"column":50}},"12":{"start":{"line":56,"column":0},"end":{"line":56,"column":20}}},"fnMap":{"0":{"name":"(anonymous_0)","decl":{"start":{"line":47,"column":19},"end":{"line":47,"column":20}},"loc":{"start":{"line":47,"column":25},"end":{"line":49,"column":3}},"line":47}},"branchMap":{"0":{"loc":{"start":{"line":14,"column":13},"end":{"line":14,"column":37}},"type":"binary-expr","locations":[{"start":{"line":14,"column":13},"end":{"line":14,"column":29}},{"start":{"line":14,"column":33},"end":{"line":14,"column":37}}],"line":14},"1":{"loc":{"start":{"line":46,"column":0},"end":{"line":50,"column":1}},"type":"if","locations":[{"start":{"line":46,"column":0},"end":{"line":50,"column":1}},{"start":{"line":46,"column":0},"end":{"line":50,"column":1}}],"line":46}},"s":{"0":2,"1":2,"2":2,"3":2,"4":2,"5":2,"6":2,"7":2,"8":2,"9":2,"10":0,"11":0,"12":2},"f":{"0":0},"b":{"0":[2,2],"1":[0,2]},"_coverageSchema":"43e27e138ebf9cfc5966b082cf9a028302ed4184","hash":"2772466f75a998caff1f860a185f7d2267adc1ee"}
,"/home/wurde/Code/LambdaProjects/webtesting-iv-challenge/server/controllers/PostsController.js": {"path":"/home/wurde/Code/LambdaProjects/webtesting-iv-challenge/server/controllers/PostsController.js","statementMap":{"0":{"start":{"line":7,"column":13},"end":{"line":7,"column":38}},"1":{"start":{"line":15,"column":4},"end":{"line":15,"column":23}},"2":{"start":{"line":19,"column":4},"end":{"line":19,"column":23}},"3":{"start":{"line":23,"column":4},"end":{"line":29,"column":5}},"4":{"start":{"line":24,"column":19},"end":{"line":24,"column":46}},"5":{"start":{"line":25,"column":6},"end":{"line":25,"column":32}},"6":{"start":{"line":27,"column":6},"end":{"line":27,"column":24}},"7":{"start":{"line":28,"column":6},"end":{"line":28,"column":75}},"8":{"start":{"line":33,"column":4},"end":{"line":33,"column":23}},"9":{"start":{"line":37,"column":4},"end":{"line":43,"column":5}},"10":{"start":{"line":38,"column":6},"end":{"line":38,"column":39}},"11":{"start":{"line":39,"column":6},"end":{"line":39,"column":25}},"12":{"start":{"line":41,"column":6},"end":{"line":41,"column":24}},"13":{"start":{"line":42,"column":6},"end":{"line":42,"column":75}},"14":{"start":{"line":51,"column":0},"end":{"line":51,"column":32}}},"fnMap":{"0":{"name":"(anonymous_0)","decl":{"start":{"line":14,"column":2},"end":{"line":14,"column":3}},"loc":{"start":{"line":14,"column":31},"end":{"line":16,"column":3}},"line":14},"1":{"name":"(anonymous_1)","decl":{"start":{"line":18,"column":2},"end":{"line":18,"column":3}},"loc":{"start":{"line":18,"column":30},"end":{"line":20,"column":3}},"line":18},"2":{"name":"(anonymous_2)","decl":{"start":{"line":22,"column":2},"end":{"line":22,"column":3}},"loc":{"start":{"line":22,"column":32},"end":{"line":30,"column":3}},"line":22},"3":{"name":"(anonymous_3)","decl":{"start":{"line":32,"column":2},"end":{"line":32,"column":3}},"loc":{"start":{"line":32,"column":32},"end":{"line":34,"column":3}},"line":32},"4":{"name":"(anonymous_4)","decl":{"start":{"line":36,"column":2},"end":{"line":36,"column":3}},"loc":{"start":{"line":36,"column":33},"end":{"line":44,"column":3}},"line":36}},"branchMap":{},"s":{"0":2,"1":0,"2":0,"3":1,"4":1,"5":1,"6":0,"7":0,"8":0,"9":1,"10":1,"11":1,"12":0,"13":0,"14":2},"f":{"0":0,"1":0,"2":1,"3":0,"4":1},"b":{},"_coverageSchema":"43e27e138ebf9cfc5966b082cf9a028302ed4184","hash":"a61d55ce93162a9239ed59d26cfd4bbf6971c4a9"}
,"/home/wurde/Code/LambdaProjects/webtesting-iv-challenge/server/db/client.js": {"path":"/home/wurde/Code/LambdaProjects/webtesting-iv-challenge/server/db/client.js","statementMap":{"0":{"start":{"line":7,"column":13},"end":{"line":7,"column":28}},"1":{"start":{"line":8,"column":17},"end":{"line":8,"column":42}},"2":{"start":{"line":16,"column":0},"end":{"line":21,"column":1}},"3":{"start":{"line":18,"column":4},"end":{"line":18,"column":32}},"4":{"start":{"line":20,"column":4},"end":{"line":20,"column":39}},"5":{"start":{"line":27,"column":0},"end":{"line":27,"column":23}}},"fnMap":{},"branchMap":{"0":{"loc":{"start":{"line":16,"column":0},"end":{"line":21,"column":1}},"type":"switch","locations":[{"start":{"line":17,"column":2},"end":{"line":18,"column":32}},{"start":{"line":19,"column":2},"end":{"line":20,"column":39}}],"line":16}},"s":{"0":3,"1":3,"2":3,"3":3,"4":3,"5":3},"f":{},"b":{"0":[3,3]},"_coverageSchema":"43e27e138ebf9cfc5966b082cf9a028302ed4184","hash":"4cf7e66c3c92100d745748d1b42a3a609cd0de8b"}
,"/home/wurde/Code/LambdaProjects/webtesting-iv-challenge/server/models/Post.js": {"path":"/home/wurde/Code/LambdaProjects/webtesting-iv-challenge/server/models/Post.js","statementMap":{"0":{"start":{"line":7,"column":11},"end":{"line":7,"column":34}},"1":{"start":{"line":15,"column":4},"end":{"line":15,"column":28}},"2":{"start":{"line":19,"column":4},"end":{"line":19,"column":51}},"3":{"start":{"line":23,"column":17},"end":{"line":23,"column":47}},"4":{"start":{"line":25,"column":21},"end":{"line":25,"column":56}},"5":{"start":{"line":27,"column":4},"end":{"line":27,"column":19}},"6":{"start":{"line":31,"column":4},"end":{"line":31,"column":59}},"7":{"start":{"line":35,"column":4},"end":{"line":35,"column":52}},"8":{"start":{"line":43,"column":0},"end":{"line":43,"column":21}}},"fnMap":{"0":{"name":"(anonymous_0)","decl":{"start":{"line":14,"column":2},"end":{"line":14,"column":3}},"loc":{"start":{"line":14,"column":21},"end":{"line":16,"column":3}},"line":14},"1":{"name":"(anonymous_1)","decl":{"start":{"line":18,"column":2},"end":{"line":18,"column":3}},"loc":{"start":{"line":18,"column":28},"end":{"line":20,"column":3}},"line":18},"2":{"name":"(anonymous_2)","decl":{"start":{"line":22,"column":2},"end":{"line":22,"column":3}},"loc":{"start":{"line":22,"column":28},"end":{"line":28,"column":3}},"line":22},"3":{"name":"(anonymous_3)","decl":{"start":{"line":30,"column":2},"end":{"line":30,"column":3}},"loc":{"start":{"line":30,"column":28},"end":{"line":32,"column":3}},"line":30},"4":{"name":"(anonymous_4)","decl":{"start":{"line":34,"column":2},"end":{"line":34,"column":3}},"loc":{"start":{"line":34,"column":27},"end":{"line":36,"column":3}},"line":34}},"branchMap":{},"s":{"0":2,"1":0,"2":0,"3":1,"4":1,"5":1,"6":0,"7":1,"8":2},"f":{"0":0,"1":0,"2":1,"3":0,"4":1},"b":{},"_coverageSchema":"43e27e138ebf9cfc5966b082cf9a028302ed4184","hash":"951fa13a22c8dff05ba626b1d0fdb7aa32d2362d"}
,"/home/wurde/Code/LambdaProjects/webtesting-iv-challenge/server/routes/posts_router.js": {"path":"/home/wurde/Code/LambdaProjects/webtesting-iv-challenge/server/routes/posts_router.js","statementMap":{"0":{"start":{"line":7,"column":16},"end":{"line":7,"column":34}},"1":{"start":{"line":8,"column":24},"end":{"line":8,"column":65}},"2":{"start":{"line":14,"column":15},"end":{"line":14,"column":31}},"3":{"start":{"line":21,"column":0},"end":{"line":23,"column":31}},"4":{"start":{"line":30,"column":0},"end":{"line":33,"column":34}},"5":{"start":{"line":39,"column":0},"end":{"line":39,"column":23}}},"fnMap":{},"branchMap":{},"s":{"0":2,"1":2,"2":2,"3":2,"4":2,"5":2},"f":{},"b":{},"_coverageSchema":"43e27e138ebf9cfc5966b082cf9a028302ed4184","hash":"df347aeb50dd097961fb1fc69a7c2b3fa9b2c471"}
,"/home/wurde/Code/LambdaProjects/webtesting-iv-challenge/server/routes/root_router.js": {"path":"/home/wurde/Code/LambdaProjects/webtesting-iv-challenge/server/routes/root_router.js","statementMap":{"0":{"start":{"line":7,"column":16},"end":{"line":7,"column":34}},"1":{"start":{"line":13,"column":15},"end":{"line":13,"column":31}},"2":{"start":{"line":20,"column":0},"end":{"line":22,"column":2}},"3":{"start":{"line":20,"column":30},"end":{"line":22,"column":1}},"4":{"start":{"line":28,"column":0},"end":{"line":28,"column":23}}},"fnMap":{"0":{"name":"(anonymous_0)","decl":{"start":{"line":20,"column":16},"end":{"line":20,"column":17}},"loc":{"start":{"line":20,"column":30},"end":{"line":22,"column":1}},"line":20}},"branchMap":{},"s":{"0":2,"1":2,"2":2,"3":1,"4":2},"f":{"0":1},"b":{},"_coverageSchema":"43e27e138ebf9cfc5966b082cf9a028302ed4184","hash":"e2685288b117a88251ef52368f2c5446f6234f9e"}
}
