TN:
SF:/home/wurde/Code/LambdaProjects/webtesting-iv-challenge/knexfile.js
FNF:0
FNH:0
DA:3,3
LF:1
LH:1
BRF:0
BRH:0
end_of_record
TN:
SF:/home/wurde/Code/LambdaProjects/webtesting-iv-challenge/server/app.js
FN:47,(anonymous_0)
FNF:1
FNH:0
FNDA:0,(anonymous_0)
DA:7,2
DA:8,2
DA:14,2
DA:20,2
DA:26,2
DA:32,2
DA:33,2
DA:39,2
DA:40,2
DA:46,2
DA:47,0
DA:48,0
DA:56,2
LF:13
LH:11
BRDA:14,0,0,2
BRDA:14,0,1,2
BRDA:46,1,0,0
BRDA:46,1,1,2
BRF:4
BRH:3
end_of_record
TN:
SF:/home/wurde/Code/LambdaProjects/webtesting-iv-challenge/server/controllers/PostsController.js
FN:14,(anonymous_0)
FN:18,(anonymous_1)
FN:22,(anonymous_2)
FN:32,(anonymous_3)
FN:36,(anonymous_4)
FNF:5
FNH:2
FNDA:0,(anonymous_0)
FNDA:0,(anonymous_1)
FNDA:1,(anonymous_2)
FNDA:0,(anonymous_3)
FNDA:1,(anonymous_4)
DA:7,2
DA:15,0
DA:19,0
DA:23,1
DA:24,1
DA:25,1
DA:27,0
DA:28,0
DA:33,0
DA:37,1
DA:38,1
DA:39,1
DA:41,0
DA:42,0
DA:51,2
LF:15
LH:8
BRF:0
BRH:0
end_of_record
TN:
SF:/home/wurde/Code/LambdaProjects/webtesting-iv-challenge/server/db/client.js
FNF:0
FNH:0
DA:7,3
DA:8,3
DA:16,3
DA:18,3
DA:20,3
DA:27,3
LF:6
LH:6
BRDA:16,0,0,3
BRDA:16,0,1,3
BRF:2
BRH:2
end_of_record
TN:
SF:/home/wurde/Code/LambdaProjects/webtesting-iv-challenge/server/models/Post.js
FN:14,(anonymous_0)
FN:18,(anonymous_1)
FN:22,(anonymous_2)
FN:30,(anonymous_3)
FN:34,(anonymous_4)
FNF:5
FNH:2
FNDA:0,(anonymous_0)
FNDA:0,(anonymous_1)
FNDA:1,(anonymous_2)
FNDA:0,(anonymous_3)
FNDA:1,(anonymous_4)
DA:7,2
DA:15,0
DA:19,0
DA:23,1
DA:25,1
DA:27,1
DA:31,0
DA:35,1
DA:43,2
LF:9
LH:6
BRF:0
BRH:0
end_of_record
TN:
SF:/home/wurde/Code/LambdaProjects/webtesting-iv-challenge/server/routes/posts_router.js
FNF:0
FNH:0
DA:7,2
DA:8,2
DA:14,2
DA:21,2
DA:30,2
DA:39,2
LF:6
LH:6
BRF:0
BRH:0
end_of_record
TN:
SF:/home/wurde/Code/LambdaProjects/webtesting-iv-challenge/server/routes/root_router.js
FN:20,(anonymous_0)
FNF:1
FNH:1
FNDA:1,(anonymous_0)
DA:7,2
DA:13,2
DA:20,2
DA:28,2
LF:4
LH:4
BRF:0
BRH:0
end_of_record
